  _
 | | _____   ___  _ __  _ __ ___   __ _ _ __  ___
 | |/ / _ \ / _ \| '_ \| '_ ` _ \ / _` | '_ \/ __|
 |   < (_) | (_) | |_) | | | | | | (_| | | | \__ \ 
 |_|\_\___/ \___/| .__/|_| |_| |_|\__,_|_| |_|___/
                 |_|

 Koopmans spectral functional calculations with Quantum ESPRESSO

 version 1.0.0b6

 Written by Edward Linscott, Riccardo De Gennaro, and Nicola Colonna

 Please cite the papers listed in ozone.bib in work involving this calculation

  Initialization of density and variational orbitals
  ==================================================
   Running init/dft_init_nspin1... done
   Running init/dft_init_nspin2_dummy... done
   Running init/dft_init_nspin2... done
   Overwriting the variational orbitals with Kohn-Sham orbitals
   Running init/pz_innerloop_init... done
   Copying the spin-up variational orbitals over to the spin-down channel

  Calculating screening parameters
  ================================

  SC iteration 1
  --------------
   Running calc_alpha/iteration_1/ki... done

  Orbital 1
  ---------
   Running calc_alpha/iteration_1/orbital_1/dft_n-1... done

  Orbital 2
  ---------
   Running calc_alpha/iteration_1/orbital_2/dft_n-1... done

  Orbital 3
  ---------
   Running calc_alpha/iteration_1/orbital_3/dft_n-1... done

  Orbital 4
  ---------
   Running calc_alpha/iteration_1/orbital_4/dft_n-1... done

  Orbital 5
  ---------
   Running calc_alpha/iteration_1/orbital_5/dft_n-1... done

  Orbital 6
  ---------
   Running calc_alpha/iteration_1/orbital_6/dft_n-1... done

  Orbital 7
  ---------
   Running calc_alpha/iteration_1/orbital_7/dft_n-1... done

  Orbital 8
  ---------
   Running calc_alpha/iteration_1/orbital_8/dft_n-1... done

  Orbital 9
  ---------
   Running calc_alpha/iteration_1/orbital_9/dft_n-1... done

  Orbital 10
  ----------
   Running calc_alpha/iteration_1/orbital_10/pz_print... done
   Running calc_alpha/iteration_1/orbital_10/dft_n+1_dummy... done
   Running calc_alpha/iteration_1/orbital_10/dft_n+1... done

  Orbital 11
  ----------
   Running calc_alpha/iteration_1/orbital_11/pz_print... done
   Running calc_alpha/iteration_1/orbital_11/dft_n+1_dummy... done
   Running calc_alpha/iteration_1/orbital_11/dft_n+1... done

  Orbital 12
  ----------
   Running calc_alpha/iteration_1/orbital_12/pz_print... done
   Running calc_alpha/iteration_1/orbital_12/dft_n+1_dummy... done
   Running calc_alpha/iteration_1/orbital_12/dft_n+1... done
   
   alpha
            1         2        3         4   ...       9         10        11       12
   0  0.600000  0.600000  0.60000  0.600000  ...  0.60000  0.600000  0.600000  0.60000
   1  0.615021  0.523362  0.51934  0.607545  ...  0.52372  0.823364  0.867355  0.83072
   
   [2 rows x 12 columns]
   
   Delta E_i - epsilon_i (eV)
            1         2         3   ...        10        11        12
   0 -0.125222  0.750508  0.788488  ...  0.245778  0.304612  0.241938
   
   [1 rows x 12 columns]


  SC iteration 2
  --------------
   Running calc_alpha/iteration_2/ki_nspin1_dummy... done
   Running calc_alpha/iteration_2/ki_nspin1... done
   Running calc_alpha/iteration_2/ki_nspin2_dummy... done
   Running calc_alpha/iteration_2/ki_nspin2... done

  Orbital 1
  ---------

  Orbital 2
  ---------

  Orbital 3
  ---------

  Orbital 4
  ---------

  Orbital 5
  ---------

  Orbital 6
  ---------

  Orbital 7
  ---------

  Orbital 8
  ---------

  Orbital 9
  ---------

  Orbital 10
  ----------
   Running calc_alpha/iteration_2/orbital_10/pz_print... done
   Running calc_alpha/iteration_2/orbital_10/dft_n+1_dummy... done
   Running calc_alpha/iteration_2/orbital_10/dft_n+1... done

  Orbital 11
  ----------
   Running calc_alpha/iteration_2/orbital_11/pz_print... done
   Running calc_alpha/iteration_2/orbital_11/dft_n+1_dummy... done
   Running calc_alpha/iteration_2/orbital_11/dft_n+1... done

  Orbital 12
  ----------
   Running calc_alpha/iteration_2/orbital_12/pz_print... done
   Running calc_alpha/iteration_2/orbital_12/dft_n+1_dummy... done
   Running calc_alpha/iteration_2/orbital_12/dft_n+1... done
   
   alpha
            1         2        3         4   ...       9         10        11        12
   0  0.600000  0.600000  0.60000  0.600000  ...  0.60000  0.600000  0.600000  0.600000
   1  0.615021  0.523362  0.51934  0.607545  ...  0.52372  0.823364  0.867355  0.830720
   2  0.615021  0.523362  0.51934  0.607545  ...  0.52372  0.824400  0.850740  0.817705
   
   [3 rows x 12 columns]
   
   Delta E_i - epsilon_i (eV)
                1             2             3   ...        10        11        12
   0 -1.252219e-01  7.505081e-01  7.884882e-01  ...  0.245778  0.304612  0.241938
   1 -3.197442e-14 -7.105427e-15 -5.329071e-14  ...  0.001090 -0.016135 -0.011893
   
   [2 rows x 12 columns]


  SC iteration 3
  --------------
   Running calc_alpha/iteration_3/ki_nspin1_dummy... done
   Running calc_alpha/iteration_3/ki_nspin1... done
   Running calc_alpha/iteration_3/ki_nspin2_dummy... done
   Running calc_alpha/iteration_3/ki_nspin2... done

  Orbital 1
  ---------

  Orbital 2
  ---------

  Orbital 3
  ---------

  Orbital 4
  ---------

  Orbital 5
  ---------

  Orbital 6
  ---------

  Orbital 7
  ---------

  Orbital 8
  ---------

  Orbital 9
  ---------

  Orbital 10
  ----------
   Running calc_alpha/iteration_3/orbital_10/pz_print... done
   Running calc_alpha/iteration_3/orbital_10/dft_n+1_dummy... done
   Running calc_alpha/iteration_3/orbital_10/dft_n+1... done

  Orbital 11
  ----------
   Running calc_alpha/iteration_3/orbital_11/pz_print... done
   Running calc_alpha/iteration_3/orbital_11/dft_n+1_dummy... done
   Running calc_alpha/iteration_3/orbital_11/dft_n+1... done

  Orbital 12
  ----------
   Running calc_alpha/iteration_3/orbital_12/pz_print... done
   Running calc_alpha/iteration_3/orbital_12/dft_n+1_dummy... done
   Running calc_alpha/iteration_3/orbital_12/dft_n+1... done
   
   alpha
            1         2        3         4   ...       9         10        11        12
   0  0.600000  0.600000  0.60000  0.600000  ...  0.60000  0.600000  0.600000  0.600000
   1  0.615021  0.523362  0.51934  0.607545  ...  0.52372  0.823364  0.867355  0.830720
   2  0.615021  0.523362  0.51934  0.607545  ...  0.52372  0.824400  0.850740  0.817705
   3  0.615021  0.523362  0.51934  0.607545  ...  0.52372  0.825713  0.850610  0.818069
   
   [4 rows x 12 columns]
   
   Delta E_i - epsilon_i (eV)
                1             2             3   ...        10        11        12
   0 -1.252219e-01  7.505081e-01  7.884882e-01  ...  0.245778  0.304612  0.241938
   1 -3.197442e-14 -7.105427e-15 -5.329071e-14  ...  0.001090 -0.016135 -0.011893
   2 -3.197442e-14 -7.105427e-15 -5.329071e-14  ...  0.001352 -0.000128  0.000339
   
   [3 rows x 12 columns]


  SC iteration 4
  --------------
   Running calc_alpha/iteration_4/ki_nspin1_dummy... done
   Running calc_alpha/iteration_4/ki_nspin1... done
   Running calc_alpha/iteration_4/ki_nspin2_dummy... done
   Running calc_alpha/iteration_4/ki_nspin2... done

  Orbital 1
  ---------

  Orbital 2
  ---------

  Orbital 3
  ---------

  Orbital 4
  ---------

  Orbital 5
  ---------

  Orbital 6
  ---------

  Orbital 7
  ---------

  Orbital 8
  ---------

  Orbital 9
  ---------

  Orbital 10
  ----------
   Running calc_alpha/iteration_4/orbital_10/pz_print... done
   Running calc_alpha/iteration_4/orbital_10/dft_n+1_dummy... done
   Running calc_alpha/iteration_4/orbital_10/dft_n+1... done

  Orbital 11
  ----------

  Orbital 12
  ----------
   
   alpha
            1         2        3         4   ...       9         10        11        12
   0  0.600000  0.600000  0.60000  0.600000  ...  0.60000  0.600000  0.600000  0.600000
   1  0.615021  0.523362  0.51934  0.607545  ...  0.52372  0.823364  0.867355  0.830720
   2  0.615021  0.523362  0.51934  0.607545  ...  0.52372  0.824400  0.850740  0.817705
   3  0.615021  0.523362  0.51934  0.607545  ...  0.52372  0.825713  0.850610  0.818069
   4  0.615021  0.523362  0.51934  0.607545  ...  0.52372  0.825899  0.850610  0.818069
   
   [5 rows x 12 columns]
   
   Delta E_i - epsilon_i (eV)
                1             2             3   ...        10        11        12
   0 -1.252219e-01  7.505081e-01  7.884882e-01  ...  0.245778  0.304612  0.241938
   1 -3.197442e-14 -7.105427e-15 -5.329071e-14  ...  0.001090 -0.016135 -0.011893
   2 -3.197442e-14 -7.105427e-15 -5.329071e-14  ...  0.001352 -0.000128  0.000339
   3 -3.197442e-14 -7.105427e-15 -5.329071e-14  ...  0.000192 -0.000128  0.000339
   
   [4 rows x 12 columns]

   Screening parameters have been converged

  Final pKIPZ calculation
  =======================
   Running final/ki_final... done
   Running final/pkipz_final... done

 Workflow complete
