  _
 | | _____   ___  _ __  _ __ ___   __ _ _ __  ___
 | |/ / _ \ / _ \| '_ \| '_ ` _ \ / _` | '_ \/ __|
 |   < (_) | (_) | |_) | | | | | | (_| | | | \__ \ 
 |_|\_\___/ \___/| .__/|_| |_| |_|\__,_|_| |_|___/
                 |_|

 Koopmans spectral functional calculations with Quantum ESPRESSO

 version 1.0.0b6

 Written by Edward Linscott, Riccardo De Gennaro, and Nicola Colonna

 Please cite the papers listed in si.bib in work involving this calculation
UserWarning: Makov-Payne corrections are not being used; do this with caution for periodic systems

  Initialization of density and variational orbitals
  ==================================================

   Wannierization
   ==============
    Running wannier/scf... done
    Running wannier/nscf... done
    Running wannier/block_1/wann_preproc... done
    Running wannier/block_1/pw2wan... done
    Running wannier/block_1/wann... done
    Running wannier/block_2/wann_preproc... done
    Running wannier/block_2/pw2wan... done
    Running wannier/block_2/wann... done

   Folding to supercell
   --------------------
    Running block_1/w2kcp... done
    Running block_2/w2kcp... done
   Running init/dft_dummy... done
   Running init/dft_init... done

  Calculating screening parameters
  ================================
   Running calc_alpha/ki... done

  Orbitals 1-255
  --------------
   Skipping; will use the screening parameter of an equivalent orbital

  Orbital 256
  -----------
   Running calc_alpha/orbital_256/dft_n-1... done

  Orbital 257
  -----------
   Running calc_alpha/orbital_257/pz_print... done
   Running calc_alpha/orbital_257/dft_n+1_dummy... done
   Running calc_alpha/orbital_257/dft_n+1... done

  Orbitals 258-512
  ----------------
   Skipping; will use the screening parameter of an equivalent orbital
   
   alpha
           1         2         3    ...       510       511       512
   0  0.100000  0.100000  0.100000  ...  0.100000  0.100000  0.100000
   1  0.104648  0.104648  0.104648  ...  0.047709  0.047709  0.047709
   
   [2 rows x 512 columns]
   
   Delta E_i - epsilon_i (eV)
           1         2         3    ...       510       511       512
   0 -0.023309 -0.023309 -0.023309  ... -0.139624 -0.139624 -0.139624
   
   [1 rows x 512 columns]

   Screening parameters have been determined but are not necessarily converged

  Final KI calculation
  ====================
   Running final/ki_final... done

  
  Postprocessing
  ===============

    Wannierization
    ==============
     Running wannier/scf... done
     Running wannier/nscf... done
     Running wannier/block_1/wann_preproc... done
     Running wannier/block_1/pw2wan... done
     Running wannier/block_1/wann... done
     Running wannier/block_2/wann_preproc... done
     Running wannier/block_2/pw2wan... done
     Running wannier/block_2/wann... done
     Running wannier/bands... done
UserWarning: Some of the pseudopotentials do not have PP_PSWFC blocks, which means a projected DOS calculation is not possible. Skipping...
    Running occ/ki... done
    Running emp/ki... done
UserWarning: The DOS will not be plotted, because the Brillouin zone is too poorly sampled for the specified value of smearing. In order to generate a DOS, increase the k-point density ("kpath_density" in the "setup" "k_points" subblock) and/or the smearing ("degauss" in the "plot" block)

 Workflow complete
