  _
 | | _____   ___  _ __  _ __ ___   __ _ _ __  ___
 | |/ / _ \ / _ \| '_ \| '_ ` _ \ / _` | '_ \/ __|
 |   < (_) | (_) | |_) | | | | | | (_| | | | \__ \ 
 |_|\_\___/ \___/| .__/|_| |_| |_|\__,_|_| |_|___/
                 |_|

 Koopmans spectral functional calculations with Quantum ESPRESSO

 version 1.0.0b6

 Written by Edward Linscott, Riccardo De Gennaro, and Nicola Colonna

 Please cite the papers listed in ozone.bib in work involving this calculation

  Initialization of density and variational orbitals
  ==================================================
   Running init/dft_init_nspin1... done
   Running init/dft_init_nspin2_dummy... done
   Running init/dft_init_nspin2... done
   Overwriting the variational orbitals with Kohn-Sham orbitals
   Copying the spin-up variational orbitals over to the spin-down channel

  Calculating screening parameters
  ================================

  SC iteration 1
  --------------
   Running calc_alpha/iteration_1/ki... done

  Orbital 1
  ---------
   Running calc_alpha/iteration_1/orbital_1/dft_n-1... done

  Orbital 2
  ---------
   Running calc_alpha/iteration_1/orbital_2/dft_n-1... done

  Orbital 3
  ---------
   Running calc_alpha/iteration_1/orbital_3/dft_n-1... done

  Orbital 4
  ---------
   Running calc_alpha/iteration_1/orbital_4/dft_n-1... done

  Orbital 5
  ---------
   Running calc_alpha/iteration_1/orbital_5/dft_n-1... done

  Orbital 6
  ---------
   Running calc_alpha/iteration_1/orbital_6/dft_n-1... done

  Orbital 7
  ---------
   Running calc_alpha/iteration_1/orbital_7/dft_n-1... done

  Orbital 8
  ---------
   Running calc_alpha/iteration_1/orbital_8/dft_n-1... done

  Orbital 9
  ---------
   Running calc_alpha/iteration_1/orbital_9/dft_n-1... done

  Orbital 10
  ----------
   Running calc_alpha/iteration_1/orbital_10/pz_print... done
   Running calc_alpha/iteration_1/orbital_10/dft_n+1_dummy... done
   Running calc_alpha/iteration_1/orbital_10/dft_n+1... done
   
   alpha
            1         2         3        4   ...        7       8         9         10
   0  0.600000  0.600000  0.600000  0.60000  ...  0.600000  0.6000  0.600000  0.600000
   1  0.655689  0.727571  0.783859  0.66386  ...  0.729888  0.7419  0.779264  0.717389
   
   [2 rows x 10 columns]
   
   Delta E_i - epsilon_i (eV)
            1         2         3   ...        8         9         10
   0 -0.477344 -0.920497 -1.124088  ... -0.888608 -1.050159  0.711209
   
   [1 rows x 10 columns]


  SC iteration 2
  --------------
   Running calc_alpha/iteration_2/ki_nspin1_dummy... done
   Running calc_alpha/iteration_2/ki_nspin1... done
   Running calc_alpha/iteration_2/ki_nspin2_dummy... done
   Running calc_alpha/iteration_2/ki_nspin2... done

  Orbital 10
  ----------
   Running calc_alpha/iteration_2/orbital_10/pz_print... done
   Running calc_alpha/iteration_2/orbital_10/dft_n+1_dummy... done
   Running calc_alpha/iteration_2/orbital_10/dft_n+1... done
   
   alpha
            1         2         3        4   ...        7       8         9         10
   0  0.600000  0.600000  0.600000  0.60000  ...  0.600000  0.6000  0.600000  0.600000
   1  0.655689  0.727571  0.783859  0.66386  ...  0.729888  0.7419  0.779264  0.717389
   2  0.655689  0.727571  0.783859  0.66386  ...  0.729888  0.7419  0.779264  0.717389
   
   [3 rows x 10 columns]
   
   Delta E_i - epsilon_i (eV)
                1             2   ...            9             10
   0 -4.773441e-01 -9.204971e-01  ... -1.050159e+00  7.112091e-01
   1  2.131628e-14 -2.415845e-13  ... -4.440892e-14  1.776357e-14
   
   [2 rows x 10 columns]

   Screening parameters have been converged

  Final KI calculation
  ====================
   Running final/ki_final... done

 Workflow complete
