  _
 | | _____   ___  _ __  _ __ ___   __ _ _ __  ___
 | |/ / _ \ / _ \| '_ \| '_ ` _ \ / _` | '_ \/ __|
 |   < (_) | (_) | |_) | | | | | | (_| | | | \__ \ 
 |_|\_\___/ \___/| .__/|_| |_| |_|\__,_|_| |_|___/
                 |_|

 Koopmans spectral functional calculations with Quantum ESPRESSO

 version 1.0.0b6

 Written by Edward Linscott, Riccardo De Gennaro, and Nicola Colonna

 Please cite the papers listed in ozone.bib in work involving this calculation

  Initialization of density and variational orbitals
  ==================================================
   Running init/dft_init_nspin1... done
   Running init/dft_init_nspin2_dummy... done
   Running init/dft_init_nspin2... done
   Running init/pz_init... done
   Copying the spin-up variational orbitals over to the spin-down channel

  Calculating screening parameters
  ================================
   Skipping calculation of screening parameters
   
   alpha
       1    2    3    4    5    6    7    8    9    10
   0  0.6  0.6  0.6  0.6  0.6  0.6  0.6  0.6  0.6  0.6


  Final KIPZ calculation
  ======================
   Running final/kipz_final... done

 Workflow complete
